PCA Trained
Past match
0/40 done
1/40 done
2/40 done
3/40 done
4/40 done
5/40 done
6/40 done
7/40 done
8/40 done
9/40 done
10/40 done
11/40 done
12/40 done
13/40 done
14/40 done
15/40 done
16/40 done
17/40 done
18/40 done
19/40 done
20/40 done
21/40 done
22/40 done
23/40 done
24/40 done
25/40 done
26/40 done
27/40 done
28/40 done
29/40 done
30/40 done
31/40 done
32/40 done
33/40 done
34/40 done
35/40 done
36/40 done
37/40 done
38/40 done
39/40 done
pink plotted
purp plotted
gray pltoted
Traceback (most recent call last):
  File "/home/leo/Desktop/Github_Repos/Machine_Learning/Homework_8/./hw8.py", line 466, in <module>
    main()
  File "/home/leo/Desktop/Github_Repos/Machine_Learning/Homework_8/./hw8.py", line 446, in main
    plot_decisions(set_8_train,set_8_eval,'PCA','set8')
  File "/home/leo/Desktop/Github_Repos/Machine_Learning/Homework_8/./hw8.py", line 101, in plot_decisions
    plt.savefig(name+model+"decisions.png")
TypeError: can only concatenate str (not "custom_PCA") to str
PCA Trained
Past match
0/40 done
1/40 done
2/40 done
3/40 done
4/40 done
5/40 done
6/40 done
7/40 done
8/40 done
9/40 done
10/40 done
11/40 done
12/40 done
13/40 done
14/40 done
15/40 done
16/40 done
17/40 done
18/40 done
19/40 done
20/40 done
21/40 done
22/40 done
23/40 done
24/40 done
25/40 done
26/40 done
27/40 done
28/40 done
29/40 done
30/40 done
31/40 done
32/40 done
33/40 done
34/40 done
35/40 done
36/40 done
37/40 done
38/40 done
39/40 done
pink plotted
purp plotted
gray pltoted
Traceback (most recent call last):
  File "/home/leo/Desktop/Github_Repos/Machine_Learning/Homework_8/./hw8.py", line 466, in <module>
    main()
  File "/home/leo/Desktop/Github_Repos/Machine_Learning/Homework_8/./hw8.py", line 446, in main
    plot_decisions(set_8_train,set_8_eval,'PCA','set8')
  File "/home/leo/Desktop/Github_Repos/Machine_Learning/Homework_8/./hw8.py", line 101, in plot_decisions
    plt.savefig(name+model+"decisions.png")
TypeError: can only concatenate str (not "custom_PCA") to str
PCA Trained
Past match
0/40 done
1/40 done
2/40 done
3/40 done
4/40 done
5/40 done
6/40 done
7/40 done
8/40 done
9/40 done
10/40 done
11/40 done
12/40 done
13/40 done
14/40 done
15/40 done
16/40 done
17/40 done
18/40 done
19/40 done
20/40 done
21/40 done
22/40 done
23/40 done
24/40 done
25/40 done
26/40 done
27/40 done
28/40 done
29/40 done
30/40 done
31/40 done
32/40 done
33/40 done
34/40 done
35/40 done
36/40 done
37/40 done
38/40 done
39/40 done
pink plotted
purp plotted
gray pltoted
Traceback (most recent call last):
  File "/home/leo/Desktop/Github_Repos/Machine_Learning/Homework_8/./hw8.py", line 466, in <module>
    main()
  File "/home/leo/Desktop/Github_Repos/Machine_Learning/Homework_8/./hw8.py", line 446, in main
    plot_decisions(set_8_train,set_8_eval,'PCA','set8')
  File "/home/leo/Desktop/Github_Repos/Machine_Learning/Homework_8/./hw8.py", line 101, in plot_decisions
    plt.savefig(name+model+"decisions.png")
TypeError: can only concatenate str (not "custom_PCA") to str
Traceback (most recent call last):
  File "/home/leo/Desktop/Github_Repos/Machine_Learning/Homework_8/./hw8.py", line 466, in <module>
    main()
  File "/home/leo/Desktop/Github_Repos/Machine_Learning/Homework_8/./hw8.py", line 422, in main
    plt.savefig('TrainSet 10.png')
  File "/home/leo/.local/lib/python3.10/site-packages/matplotlib/pyplot.py", line 1119, in savefig
    res = fig.savefig(*args, **kwargs)  # type: ignore[func-returns-value]
  File "/home/leo/.local/lib/python3.10/site-packages/matplotlib/figure.py", line 3390, in savefig
    self.canvas.print_figure(fname, **kwargs)
  File "/home/leo/.local/lib/python3.10/site-packages/matplotlib/backends/backend_qtagg.py", line 75, in print_figure
    super().print_figure(*args, **kwargs)
  File "/home/leo/.local/lib/python3.10/site-packages/matplotlib/backend_bases.py", line 2193, in print_figure
    result = print_method(
  File "/home/leo/.local/lib/python3.10/site-packages/matplotlib/backend_bases.py", line 2043, in <lambda>
    print_method = functools.wraps(meth)(lambda *args, **kwargs: meth(
  File "/home/leo/.local/lib/python3.10/site-packages/matplotlib/backends/backend_agg.py", line 497, in print_png
    self._print_pil(filename_or_obj, "png", pil_kwargs, metadata)
  File "/home/leo/.local/lib/python3.10/site-packages/matplotlib/backends/backend_agg.py", line 445, in _print_pil
    FigureCanvasAgg.draw(self)
  File "/home/leo/.local/lib/python3.10/site-packages/matplotlib/backends/backend_agg.py", line 388, in draw
    self.figure.draw(self.renderer)
  File "/home/leo/.local/lib/python3.10/site-packages/matplotlib/artist.py", line 95, in draw_wrapper
    result = draw(artist, renderer, *args, **kwargs)
  File "/home/leo/.local/lib/python3.10/site-packages/matplotlib/artist.py", line 72, in draw_wrapper
    return draw(artist, renderer)
  File "/home/leo/.local/lib/python3.10/site-packages/matplotlib/figure.py", line 3154, in draw
    mimage._draw_list_compositing_images(
  File "/home/leo/.local/lib/python3.10/site-packages/matplotlib/image.py", line 132, in _draw_list_compositing_images
    a.draw(renderer)
  File "/home/leo/.local/lib/python3.10/site-packages/matplotlib/artist.py", line 72, in draw_wrapper
    return draw(artist, renderer)
  File "/home/leo/.local/lib/python3.10/site-packages/matplotlib/axes/_base.py", line 3070, in draw
    mimage._draw_list_compositing_images(
  File "/home/leo/.local/lib/python3.10/site-packages/matplotlib/image.py", line 132, in _draw_list_compositing_images
    a.draw(renderer)
  File "/home/leo/.local/lib/python3.10/site-packages/matplotlib/artist.py", line 72, in draw_wrapper
    return draw(artist, renderer)
  File "/home/leo/.local/lib/python3.10/site-packages/matplotlib/collections.py", line 1005, in draw
    super().draw(renderer)
  File "/home/leo/.local/lib/python3.10/site-packages/matplotlib/artist.py", line 72, in draw_wrapper
    return draw(artist, renderer)
  File "/home/leo/.local/lib/python3.10/site-packages/matplotlib/collections.py", line 408, in draw
    renderer.draw_markers(
KeyboardInterrupt
PCA Trained
Past match
0/40 done
1/40 done
2/40 done
3/40 done
4/40 done
5/40 done
6/40 done
7/40 done
8/40 done
9/40 done
10/40 done
11/40 done
12/40 done
13/40 done
14/40 done
15/40 done
16/40 done
17/40 done
18/40 done
19/40 done
20/40 done
21/40 done
22/40 done
23/40 done
24/40 done
25/40 done
26/40 done
27/40 done
28/40 done
29/40 done
30/40 done
31/40 done
32/40 done
33/40 done
34/40 done
35/40 done
36/40 done
37/40 done
38/40 done
39/40 done
pink plotted
purp plotted
gray pltoted
set8PCAdecisions.png has been saved
QDA Trained
Past match
0/40 done
1/40 done
2/40 done
3/40 done
4/40 done
5/40 done
6/40 done
7/40 done
8/40 done
9/40 done
10/40 done
11/40 done
12/40 done
13/40 done
14/40 done
15/40 done
16/40 done
17/40 done
18/40 done
19/40 done
20/40 done
21/40 done
22/40 done
23/40 done
24/40 done
25/40 done
26/40 done
27/40 done
28/40 done
29/40 done
30/40 done
31/40 done
32/40 done
33/40 done
34/40 done
35/40 done
36/40 done
37/40 done
38/40 done
39/40 done
pink plotted
purp plotted
gray pltoted
set8QDAdecisions.png has been saved
RNF Trained
Past match
0/40 done
1/40 done
2/40 done
3/40 done
4/40 done
5/40 done
6/40 done
7/40 done
8/40 done
9/40 done
10/40 done
11/40 done
12/40 done
13/40 done
14/40 done
15/40 done
16/40 done
17/40 done
18/40 done
19/40 done
20/40 done
21/40 done
22/40 done
23/40 done
24/40 done
25/40 done
26/40 done
27/40 done
28/40 done
29/40 done
30/40 done
31/40 done
32/40 done
33/40 done
34/40 done
35/40 done
36/40 done
37/40 done
38/40 done
39/40 done
pink plotted
purp plotted
gray pltoted
set8RNFdecisions.png has been saved
KNN Trained
Traceback (most recent call last):
  File "/home/leo/Desktop/Github_Repos/Machine_Learning/Homework_8/./hw8.py", line 466, in <module>
    main()
  File "/home/leo/Desktop/Github_Repos/Machine_Learning/Homework_8/./hw8.py", line 449, in main
    plot_decisions(set_8_train,set_8_eval,'KNN','set8')
  File "/home/leo/Desktop/Github_Repos/Machine_Learning/Homework_8/./hw8.py", line 56, in plot_decisions
    model.fit(train_features,train_classes)
  File "/home/leo/.local/lib/python3.10/site-packages/sklearn/base.py", line 1344, in wrapper
    estimator._validate_params()
  File "/home/leo/.local/lib/python3.10/site-packages/sklearn/base.py", line 666, in _validate_params
    validate_parameter_constraints(
  File "/home/leo/.local/lib/python3.10/site-packages/sklearn/utils/_param_validation.py", line 95, in validate_parameter_constraints
    raise InvalidParameterError(
sklearn.utils._param_validation.InvalidParameterError: The 'n_neighbors' parameter of KNeighborsClassifier must be an int in the range [1, inf) or None. Got 0 instead.
PCA Trained
Past match
0/40 done
1/40 done
2/40 done
3/40 done
4/40 done
5/40 done
6/40 done
7/40 done
8/40 done
9/40 done
10/40 done
11/40 done
12/40 done
13/40 done
14/40 done
15/40 done
16/40 done
17/40 done
18/40 done
19/40 done
20/40 done
21/40 done
22/40 done
23/40 done
24/40 done
25/40 done
26/40 done
27/40 done
28/40 done
29/40 done
30/40 done
31/40 done
32/40 done
33/40 done
34/40 done
35/40 done
36/40 done
37/40 done
38/40 done
39/40 done
pink plotted
purp plotted
gray pltoted
set8PCAdecisions.png has been saved
QDA Trained
Past match
0/40 done
1/40 done
2/40 done
3/40 done
4/40 done
5/40 done
6/40 done
7/40 done
8/40 done
9/40 done
10/40 done
11/40 done
12/40 done
13/40 done
14/40 done
15/40 done
16/40 done
17/40 done
18/40 done
19/40 done
20/40 done
21/40 done
22/40 done
23/40 done
24/40 done
25/40 done
26/40 done
27/40 done
28/40 done
29/40 done
30/40 done
31/40 done
32/40 done
33/40 done
34/40 done
35/40 done
36/40 done
37/40 done
38/40 done
39/40 done
pink plotted
purp plotted
gray pltoted
set8QDAdecisions.png has been saved
RNF Trained
Past match
0/40 done
1/40 done
2/40 done
3/40 done
4/40 done
5/40 done
6/40 done
7/40 done
8/40 done
9/40 done
10/40 done
11/40 done
12/40 done
13/40 done
14/40 done
15/40 done
16/40 done
17/40 done
18/40 done
19/40 done
20/40 done
21/40 done
22/40 done
23/40 done
24/40 done
25/40 done
26/40 done
27/40 done
28/40 done
29/40 done
30/40 done
31/40 done
32/40 done
33/40 done
34/40 done
35/40 done
36/40 done
37/40 done
38/40 done
39/40 done
pink plotted
purp plotted
gray pltoted
set8RNFdecisions.png has been saved
KNN Trained
Past match
0/40 done
1/40 done
2/40 done
3/40 done
4/40 done
5/40 done
6/40 done
7/40 done
8/40 done
9/40 done
10/40 done
11/40 done
12/40 done
13/40 done
14/40 done
15/40 done
16/40 done
17/40 done
18/40 done
19/40 done
20/40 done
21/40 done
22/40 done
23/40 done
24/40 done
25/40 done
26/40 done
27/40 done
28/40 done
29/40 done
30/40 done
31/40 done
32/40 done
33/40 done
34/40 done
35/40 done
36/40 done
37/40 done
38/40 done
39/40 done
pink plotted
purp plotted
gray pltoted
set8KNNdecisions.png has been saved
KNM Trained
Traceback (most recent call last):
  File "/home/leo/Desktop/Github_Repos/Machine_Learning/Homework_8/./hw8.py", line 466, in <module>
    main()
  File "/home/leo/Desktop/Github_Repos/Machine_Learning/Homework_8/./hw8.py", line 450, in main
    plot_decisions(set_8_train,set_8_eval,'KNM','set8')
  File "/home/leo/Desktop/Github_Repos/Machine_Learning/Homework_8/./hw8.py", line 60, in plot_decisions
    model.fit(train_features,train_classes)
  File "/home/leo/.local/lib/python3.10/site-packages/sklearn/base.py", line 1344, in wrapper
    estimator._validate_params()
  File "/home/leo/.local/lib/python3.10/site-packages/sklearn/base.py", line 666, in _validate_params
    validate_parameter_constraints(
  File "/home/leo/.local/lib/python3.10/site-packages/sklearn/utils/_param_validation.py", line 95, in validate_parameter_constraints
    raise InvalidParameterError(
sklearn.utils._param_validation.InvalidParameterError: The 'n_clusters' parameter of KMeans must be an int in the range [1, inf). Got 0 instead.
PCA Trained
Past match
0/40 done
1/40 done
2/40 done
3/40 done
4/40 done
5/40 done
6/40 done
7/40 done
8/40 done
9/40 done
10/40 done
11/40 done
12/40 done
13/40 done
14/40 done
15/40 done
16/40 done
17/40 done
18/40 done
19/40 done
20/40 done
21/40 done
22/40 done
23/40 done
24/40 done
25/40 done
26/40 done
27/40 done
28/40 done
29/40 done
30/40 done
31/40 done
32/40 done
33/40 done
34/40 done
35/40 done
36/40 done
37/40 done
38/40 done
39/40 done
pink plotted
purp plotted
gray pltoted
set8PCAdecisions.png has been saved
QDA Trained
Past match
0/40 done
1/40 done
2/40 done
3/40 done
4/40 done
5/40 done
6/40 done
7/40 done
8/40 done
9/40 done
10/40 done
11/40 done
12/40 done
13/40 done
14/40 done
15/40 done
16/40 done
17/40 done
18/40 done
19/40 done
20/40 done
21/40 done
22/40 done
23/40 done
24/40 done
25/40 done
26/40 done
27/40 done
28/40 done
29/40 done
30/40 done
31/40 done
32/40 done
33/40 done
34/40 done
35/40 done
36/40 done
37/40 done
38/40 done
39/40 done
pink plotted
purp plotted
gray pltoted
set8QDAdecisions.png has been saved
RNF Trained
Past match
0/40 done
1/40 done
2/40 done
3/40 done
4/40 done
5/40 done
6/40 done
7/40 done
8/40 done
9/40 done
10/40 done
11/40 done
12/40 done
13/40 done
14/40 done
15/40 done
16/40 done
17/40 done
18/40 done
19/40 done
20/40 done
21/40 done
22/40 done
23/40 done
24/40 done
25/40 done
26/40 done
27/40 done
28/40 done
29/40 done
30/40 done
31/40 done
32/40 done
33/40 done
34/40 done
35/40 done
36/40 done
37/40 done
38/40 done
39/40 done
pink plotted
purp plotted
gray pltoted
set8RNFdecisions.png has been saved
KNN Trained
Past match
0/40 done
1/40 done
2/40 done
3/40 done
4/40 done
5/40 done
6/40 done
7/40 done
8/40 done
9/40 done
10/40 done
11/40 done
12/40 done
13/40 done
14/40 done
15/40 done
16/40 done
17/40 done
18/40 done
19/40 done
20/40 done
21/40 done
22/40 done
23/40 done
24/40 done
25/40 done
26/40 done
27/40 done
28/40 done
29/40 done
30/40 done
31/40 done
32/40 done
33/40 done
34/40 done
35/40 done
36/40 done
37/40 done
38/40 done
39/40 done
pink plotted
purp plotted
gray pltoted
set8KNNdecisions.png has been saved
KNM Trained
Past match
0/40 done
1/40 done
2/40 done
3/40 done
4/40 done
5/40 done
6/40 done
7/40 done
8/40 done
9/40 done
10/40 done
11/40 done
12/40 done
13/40 done
14/40 done
15/40 done
16/40 done
17/40 done
18/40 done
19/40 done
20/40 done
21/40 done
22/40 done
23/40 done
24/40 done
25/40 done
26/40 done
27/40 done
28/40 done
29/40 done
30/40 done
31/40 done
32/40 done
33/40 done
34/40 done
35/40 done
36/40 done
37/40 done
38/40 done
39/40 done
pink plotted
purp plotted
gray pltoted
set8KNMdecisions.png has been saved
LDA Trained
Past match
0/40 done
1/40 done
2/40 done
3/40 done
4/40 done
5/40 done
6/40 done
7/40 done
8/40 done
9/40 done
10/40 done
11/40 done
12/40 done
13/40 done
14/40 done
15/40 done
16/40 done
17/40 done
18/40 done
19/40 done
20/40 done
21/40 done
22/40 done
23/40 done
24/40 done
25/40 done
26/40 done
27/40 done
28/40 done
29/40 done
30/40 done
31/40 done
32/40 done
33/40 done
34/40 done
35/40 done
36/40 done
37/40 done
38/40 done
39/40 done
pink plotted
purp plotted
gray pltoted
set8LDAdecisions.png has been saved
PCA Trained
Past match
0/40 done
1/40 done
2/40 done
3/40 done
4/40 done
5/40 done
6/40 done
7/40 done
8/40 done
9/40 done
10/40 done
11/40 done
12/40 done
13/40 done
14/40 done
15/40 done
16/40 done
17/40 done
18/40 done
19/40 done
20/40 done
21/40 done
22/40 done
23/40 done
24/40 done
25/40 done
26/40 done
27/40 done
28/40 done
29/40 done
30/40 done
31/40 done
32/40 done
33/40 done
34/40 done
35/40 done
36/40 done
37/40 done
38/40 done
39/40 done
pink plotted
purp plotted
gray pltoted
set9PCAdecisions.png has been saved
QDA Trained
Past match
0/40 done
1/40 done
2/40 done
3/40 done
4/40 done
5/40 done
6/40 done
7/40 done
8/40 done
9/40 done
10/40 done
11/40 done
12/40 done
13/40 done
14/40 done
15/40 done
16/40 done
17/40 done
18/40 done
19/40 done
20/40 done
21/40 done
22/40 done
23/40 done
24/40 done
25/40 done
26/40 done
27/40 done
28/40 done
29/40 done
30/40 done
31/40 done
32/40 done
33/40 done
34/40 done
35/40 done
36/40 done
37/40 done
38/40 done
39/40 done
pink plotted
purp plotted
gray pltoted
set9QDAdecisions.png has been saved
RNF Trained
Past match
0/40 done
1/40 done
2/40 done
3/40 done
4/40 done
5/40 done
6/40 done
7/40 done
8/40 done
9/40 done
10/40 done
11/40 done
12/40 done
13/40 done
14/40 done
15/40 done
16/40 done
17/40 done
18/40 done
19/40 done
20/40 done
21/40 done
22/40 done
23/40 done
24/40 done
25/40 done
26/40 done
27/40 done
28/40 done
29/40 done
30/40 done
31/40 done
32/40 done
33/40 done
34/40 done
35/40 done
36/40 done
37/40 done
38/40 done
39/40 done
pink plotted
purp plotted
gray pltoted
set9RNFdecisions.png has been saved
KNN Trained
Past match
0/40 done
1/40 done
2/40 done
3/40 done
4/40 done
5/40 done
6/40 done
7/40 done
8/40 done
9/40 done
10/40 done
11/40 done
12/40 done
13/40 done
14/40 done
15/40 done
16/40 done
17/40 done
18/40 done
19/40 done
20/40 done
21/40 done
22/40 done
23/40 done
24/40 done
25/40 done
26/40 done
27/40 done
28/40 done
29/40 done
30/40 done
31/40 done
32/40 done
33/40 done
34/40 done
35/40 done
36/40 done
37/40 done
38/40 done
39/40 done
pink plotted
purp plotted
gray pltoted
set9KNNdecisions.png has been saved
KNM Trained
Past match
0/40 done
1/40 done
2/40 done
3/40 done
4/40 done
5/40 done
6/40 done
7/40 done
8/40 done
9/40 done
10/40 done
11/40 done
12/40 done
13/40 done
14/40 done
15/40 done
16/40 done
17/40 done
18/40 done
19/40 done
20/40 done
21/40 done
22/40 done
23/40 done
24/40 done
25/40 done
26/40 done
27/40 done
28/40 done
29/40 done
30/40 done
31/40 done
32/40 done
33/40 done
34/40 done
35/40 done
36/40 done
37/40 done
38/40 done
39/40 done
pink plotted
purp plotted
gray pltoted
set9KNMdecisions.png has been saved
LDA Trained
Past match
0/40 done
1/40 done
2/40 done
3/40 done
4/40 done
5/40 done
6/40 done
7/40 done
8/40 done
9/40 done
10/40 done
11/40 done
12/40 done
13/40 done
14/40 done
15/40 done
16/40 done
17/40 done
18/40 done
19/40 done
20/40 done
21/40 done
22/40 done
23/40 done
24/40 done
25/40 done
26/40 done
27/40 done
28/40 done
29/40 done
30/40 done
31/40 done
32/40 done
33/40 done
34/40 done
35/40 done
36/40 done
37/40 done
38/40 done
39/40 done
pink plotted
purp plotted
gray pltoted
set9LDAdecisions.png has been saved
PCA Trained
Past match
0/40 done
1/40 done
2/40 done
3/40 done
4/40 done
5/40 done
6/40 done
7/40 done
8/40 done
9/40 done
10/40 done
11/40 done
12/40 done
13/40 done
14/40 done
15/40 done
16/40 done
17/40 done
18/40 done
19/40 done
20/40 done
21/40 done
22/40 done
23/40 done
24/40 done
25/40 done
26/40 done
27/40 done
28/40 done
29/40 done
30/40 done
31/40 done
32/40 done
33/40 done
34/40 done
35/40 done
36/40 done
37/40 done
38/40 done
39/40 done
pink plotted
purp plotted
gray pltoted
set10PCAdecisions.png has been saved
QDA Trained
Past match
0/40 done
1/40 done
2/40 done
3/40 done
4/40 done
5/40 done
6/40 done
7/40 done
8/40 done
9/40 done
10/40 done
11/40 done
12/40 done
13/40 done
14/40 done
15/40 done
16/40 done
17/40 done
18/40 done
19/40 done
20/40 done
21/40 done
22/40 done
23/40 done
24/40 done
25/40 done
26/40 done
27/40 done
28/40 done
29/40 done
30/40 done
31/40 done
32/40 done
33/40 done
34/40 done
35/40 done
36/40 done
37/40 done
38/40 done
39/40 done
pink plotted
purp plotted
gray pltoted
set10QDAdecisions.png has been saved
RNF Trained
Past match
0/40 done
1/40 done
2/40 done
3/40 done
4/40 done
5/40 done
6/40 done
7/40 done
8/40 done
9/40 done
10/40 done
11/40 done
12/40 done
13/40 done
14/40 done
15/40 done
16/40 done
17/40 done
18/40 done
19/40 done
20/40 done
21/40 done
22/40 done
23/40 done
24/40 done
25/40 done
26/40 done
27/40 done
28/40 done
29/40 done
30/40 done
31/40 done
32/40 done
33/40 done
34/40 done
35/40 done
36/40 done
37/40 done
38/40 done
39/40 done
pink plotted
purp plotted
gray pltoted
set10RNFdecisions.png has been saved
KNN Trained
Past match
0/40 done
1/40 done
2/40 done
3/40 done
4/40 done
5/40 done
6/40 done
7/40 done
8/40 done
9/40 done
10/40 done
11/40 done
12/40 done
13/40 done
14/40 done
15/40 done
16/40 done
17/40 done
18/40 done
19/40 done
20/40 done
21/40 done
22/40 done
23/40 done
24/40 done
25/40 done
26/40 done
27/40 done
28/40 done
29/40 done
30/40 done
31/40 done
32/40 done
33/40 done
34/40 done
35/40 done
36/40 done
37/40 done
38/40 done
39/40 done
pink plotted
purp plotted
gray pltoted
set10KNNdecisions.png has been saved
KNM Trained
Past match
0/40 done
1/40 done
2/40 done
3/40 done
4/40 done
5/40 done
6/40 done
7/40 done
8/40 done
9/40 done
10/40 done
11/40 done
12/40 done
13/40 done
14/40 done
15/40 done
16/40 done
17/40 done
18/40 done
19/40 done
20/40 done
21/40 done
22/40 done
23/40 done
24/40 done
25/40 done
26/40 done
27/40 done
28/40 done
29/40 done
30/40 done
31/40 done
32/40 done
33/40 done
34/40 done
35/40 done
36/40 done
37/40 done
38/40 done
39/40 done
pink plotted
purp plotted
gray pltoted
set10KNMdecisions.png has been saved
LDA Trained
Past match
0/40 done
1/40 done
2/40 done
3/40 done
4/40 done
5/40 done
6/40 done
7/40 done
8/40 done
9/40 done
10/40 done
11/40 done
12/40 done
13/40 done
14/40 done
15/40 done
16/40 done
17/40 done
18/40 done
19/40 done
20/40 done
21/40 done
22/40 done
23/40 done
24/40 done
25/40 done
26/40 done
27/40 done
28/40 done
29/40 done
30/40 done
31/40 done
32/40 done
33/40 done
34/40 done
35/40 done
36/40 done
37/40 done
38/40 done
39/40 done
pink plotted
purp plotted
gray pltoted
set10LDAdecisions.png has been saved
